<?xml version="1.0" encoding="UTF-8"?>
<testng-results ignored="0" total="1" passed="1" failed="0" skipped="0">
  <reporter-output>
  </reporter-output>
  <suite started-at="2023-09-20T20:01:50 IST" name="Default suite" finished-at="2023-09-20T20:02:17 IST" duration-ms="26894">
    <groups>
    </groups>
    <test started-at="2023-09-20T20:01:50 IST" name="Default test" finished-at="2023-09-20T20:02:17 IST" duration-ms="26894">
      <class name="Ordercenter_Testcases.Submit615FForm">
        <test-method is-config="true" signature="lounchingBrowser()[pri:0, instance:Ordercenter_Testcases.Submit615FForm@22555ebf]" started-at="2023-09-20T20:01:51 IST" name="lounchingBrowser" finished-at="2023-09-20T20:02:03 IST" duration-ms="11661" status="PASS">
          <reporter-output>
          </reporter-output>
        </test-method> <!-- lounchingBrowser -->
        <test-method signature="ValidateDoorNumberSubmition123(java.lang.String,java.lang.String,java.lang.String,java.lang.String,java.lang.String,java.lang.String,java.lang.String,java.lang.String,java.lang.String,java.lang.String,java.lang.String,java.lang.String,java.lang.String,java.lang.String,java.lang.String,java.lang.String,java.lang.String,java.lang.String,java.lang.String,java.lang.String)[pri:0, instance:Ordercenter_Testcases.Submit615FForm@22555ebf]" started-at="2023-09-20T20:02:03 IST" name="ValidateDoorNumberSubmition123" data-provider="test1" finished-at="2023-09-20T20:02:17 IST" duration-ms="14377" status="PASS">
          <params>
            <param index="0">
              <value>
                <![CDATA[09-21-2023]]>
              </value>
            </param>
            <param index="1">
              <value>
                <![CDATA[615F]]>
              </value>
            </param>
            <param index="2">
              <value>
                <![CDATA[112]]>
              </value>
            </param>
            <param index="3">
              <value>
                <![CDATA[No]]>
              </value>
            </param>
            <param index="4">
              <value>
                <![CDATA[140]]>
              </value>
            </param>
            <param index="5">
              <value>
                <![CDATA[140]]>
              </value>
            </param>
            <param index="6">
              <value>
                <![CDATA[Left]]>
              </value>
            </param>
            <param index="7">
              <value>
                <![CDATA[24"]]>
              </value>
            </param>
            <param index="8">
              <value>
                <![CDATA[Blue (RAL 5002)]]>
              </value>
            </param>
            <param index="9">
              <value>
                <![CDATA[Blue (RAL 5002)]]>
              </value>
            </param>
            <param index="10">
              <value>
                <![CDATA[Galvanized Steel]]>
              </value>
            </param>
            <param index="11">
              <value>
                <![CDATA[Belt Cover (Galvanized Steel)]]>
              </value>
            </param>
            <param index="12">
              <value>
                <![CDATA[Galvanized Steel Drum Fascia]]>
              </value>
            </param>
            <param index="13">
              <value>
                <![CDATA[Vision Panel 24" X 24" PVC]]>
              </value>
            </param>
            <param index="14">
              <value>
                <![CDATA[2]]>
              </value>
            </param>
            <param index="15">
              <value>
                <![CDATA[575V/3]]>
              </value>
            </param>
            <param index="16">
              <value>
                <![CDATA[575V/3/60 (NEMA 4X Enclosure)]]>
              </value>
            </param>
            <param index="17">
              <value>
                <![CDATA[12]]>
              </value>
            </param>
            <param index="18">
              <value>
                <![CDATA[42"]]>
              </value>
            </param>
            <param index="19">
              <value>
                <![CDATA[Additional 24VDC PNP XX" from Floor]]>
              </value>
            </param>
          </params>
          <reporter-output>
          </reporter-output>
        </test-method> <!-- ValidateDoorNumberSubmition123 -->
        <test-method is-config="true" signature="tearDown()[pri:0, instance:Ordercenter_Testcases.Submit615FForm@22555ebf]" started-at="2023-09-20T20:02:17 IST" name="tearDown" finished-at="2023-09-20T20:02:17 IST" duration-ms="0" status="PASS">
          <reporter-output>
          </reporter-output>
        </test-method> <!-- tearDown -->
      </class> <!-- Ordercenter_Testcases.Submit615FForm -->
    </test> <!-- Default test -->
  </suite> <!-- Default suite -->
</testng-results>
